{"/home/agustinmites/sofka/App/banking-products-app/features/productDetail/useProductDetail.ts": {"path":"/home/agustinmites/sofka/App/banking-products-app/features/productDetail/useProductDetail.ts","statementMap":{"0":{"start":{"line":7,"column":17},"end":{"line":7,"column":28}},"1":{"start":{"line":8,"column":32},"end":{"line":8,"column":62}},"2":{"start":{"line":9,"column":32},"end":{"line":9,"column":46}},"3":{"start":{"line":10,"column":28},"end":{"line":10,"column":40}},"4":{"start":{"line":11,"column":34},"end":{"line":11,"column":49}},"5":{"start":{"line":13,"column":2},"end":{"line":25,"column":11}},"6":{"start":{"line":14,"column":4},"end":{"line":18,"column":5}},"7":{"start":{"line":15,"column":6},"end":{"line":15,"column":24}},"8":{"start":{"line":16,"column":6},"end":{"line":16,"column":48}},"9":{"start":{"line":17,"column":6},"end":{"line":17,"column":13}},"10":{"start":{"line":19,"column":4},"end":{"line":19,"column":21}},"11":{"start":{"line":20,"column":4},"end":{"line":20,"column":17}},"12":{"start":{"line":21,"column":4},"end":{"line":24,"column":40}},"13":{"start":{"line":23,"column":19},"end":{"line":23,"column":83}},"14":{"start":{"line":24,"column":21},"end":{"line":24,"column":38}},"15":{"start":{"line":27,"column":23},"end":{"line":36,"column":3}},"16":{"start":{"line":28,"column":4},"end":{"line":28,"column":22}},"17":{"start":{"line":29,"column":4},"end":{"line":35,"column":5}},"18":{"start":{"line":30,"column":6},"end":{"line":30,"column":30}},"19":{"start":{"line":31,"column":6},"end":{"line":31,"column":34}},"20":{"start":{"line":33,"column":6},"end":{"line":33,"column":69}},"21":{"start":{"line":34,"column":6},"end":{"line":34,"column":25}},"22":{"start":{"line":38,"column":2},"end":{"line":38,"column":61}}},"fnMap":{"0":{"name":"useProductDetail","decl":{"start":{"line":6,"column":16},"end":{"line":6,"column":32}},"loc":{"start":{"line":6,"column":45},"end":{"line":39,"column":1}},"line":6},"1":{"name":"(anonymous_1)","decl":{"start":{"line":13,"column":12},"end":{"line":13,"column":13}},"loc":{"start":{"line":13,"column":18},"end":{"line":25,"column":3}},"line":13},"2":{"name":"(anonymous_2)","decl":{"start":{"line":23,"column":13},"end":{"line":23,"column":14}},"loc":{"start":{"line":23,"column":19},"end":{"line":23,"column":83}},"line":23},"3":{"name":"(anonymous_3)","decl":{"start":{"line":24,"column":15},"end":{"line":24,"column":16}},"loc":{"start":{"line":24,"column":21},"end":{"line":24,"column":38}},"line":24},"4":{"name":"(anonymous_4)","decl":{"start":{"line":27,"column":23},"end":{"line":27,"column":24}},"loc":{"start":{"line":27,"column":35},"end":{"line":36,"column":3}},"line":27}},"branchMap":{"0":{"loc":{"start":{"line":14,"column":4},"end":{"line":18,"column":5}},"type":"if","locations":[{"start":{"line":14,"column":4},"end":{"line":18,"column":5}},{"start":{},"end":{}}],"line":14}},"s":{"0":17,"1":17,"2":17,"3":17,"4":17,"5":17,"6":7,"7":1,"8":1,"9":1,"10":6,"11":6,"12":6,"13":1,"14":6,"15":17,"16":3,"17":3,"18":3,"19":2,"20":1,"21":1,"22":17},"f":{"0":17,"1":7,"2":1,"3":6,"4":3},"b":{"0":[1,6]},"_coverageSchema":"1a1c01bbd47fc00a2c39e90264f33305004495a9","hash":"42726f7b0c39fe2d9983aaf4b1a1a19d7e20748d"}
,"/home/agustinmites/sofka/App/banking-products-app/features/productEdit/useProductEdit.ts": {"path":"/home/agustinmites/sofka/App/banking-products-app/features/productEdit/useProductEdit.ts","statementMap":{"0":{"start":{"line":16,"column":2},"end":{"line":23,"column":4}},"1":{"start":{"line":27,"column":17},"end":{"line":27,"column":28}},"2":{"start":{"line":28,"column":34},"end":{"line":28,"column":72}},"3":{"start":{"line":29,"column":26},"end":{"line":29,"column":64}},"4":{"start":{"line":30,"column":30},"end":{"line":30,"column":61}},"5":{"start":{"line":31,"column":42},"end":{"line":31,"column":54}},"6":{"start":{"line":32,"column":46},"end":{"line":32,"column":58}},"7":{"start":{"line":33,"column":32},"end":{"line":33,"column":47}},"8":{"start":{"line":34,"column":46},"end":{"line":34,"column":60}},"9":{"start":{"line":35,"column":42},"end":{"line":35,"column":54}},"10":{"start":{"line":36,"column":22},"end":{"line":36,"column":32}},"11":{"start":{"line":38,"column":2},"end":{"line":53,"column":11}},"12":{"start":{"line":39,"column":4},"end":{"line":43,"column":5}},"13":{"start":{"line":40,"column":6},"end":{"line":40,"column":55}},"14":{"start":{"line":41,"column":6},"end":{"line":41,"column":31}},"15":{"start":{"line":42,"column":6},"end":{"line":42,"column":13}},"16":{"start":{"line":44,"column":4},"end":{"line":52,"column":47}},"17":{"start":{"line":46,"column":18},"end":{"line":46,"column":34}},"18":{"start":{"line":47,"column":8},"end":{"line":47,"column":23}},"19":{"start":{"line":48,"column":8},"end":{"line":48,"column":19}},"20":{"start":{"line":49,"column":8},"end":{"line":49,"column":45}},"21":{"start":{"line":51,"column":19},"end":{"line":51,"column":90}},"22":{"start":{"line":52,"column":21},"end":{"line":52,"column":45}},"23":{"start":{"line":55,"column":2},"end":{"line":59,"column":35}},"24":{"start":{"line":56,"column":4},"end":{"line":56,"column":32}},"25":{"start":{"line":56,"column":25},"end":{"line":56,"column":32}},"26":{"start":{"line":57,"column":18},"end":{"line":57,"column":75}},"27":{"start":{"line":57,"column":35},"end":{"line":57,"column":68}},"28":{"start":{"line":58,"column":4},"end":{"line":58,"column":37}},"29":{"start":{"line":58,"column":17},"end":{"line":58,"column":36}},"30":{"start":{"line":61,"column":23},"end":{"line":75,"column":3}},"31":{"start":{"line":62,"column":4},"end":{"line":62,"column":22}},"32":{"start":{"line":62,"column":15},"end":{"line":62,"column":22}},"33":{"start":{"line":63,"column":4},"end":{"line":63,"column":24}},"34":{"start":{"line":64,"column":4},"end":{"line":64,"column":57}},"35":{"start":{"line":64,"column":23},"end":{"line":64,"column":54}},"36":{"start":{"line":66,"column":4},"end":{"line":72,"column":5}},"37":{"start":{"line":67,"column":21},"end":{"line":67,"column":62}},"38":{"start":{"line":68,"column":6},"end":{"line":68,"column":35}},"39":{"start":{"line":69,"column":21},"end":{"line":69,"column":76}},"40":{"start":{"line":70,"column":6},"end":{"line":70,"column":94}},"41":{"start":{"line":70,"column":22},"end":{"line":70,"column":92}},"42":{"start":{"line":71,"column":6},"end":{"line":71,"column":13}},"43":{"start":{"line":74,"column":4},"end":{"line":74,"column":63}},"44":{"start":{"line":74,"column":20},"end":{"line":74,"column":61}},"45":{"start":{"line":77,"column":22},"end":{"line":83,"column":3}},"46":{"start":{"line":78,"column":4},"end":{"line":78,"column":26}},"47":{"start":{"line":78,"column":19},"end":{"line":78,"column":26}},"48":{"start":{"line":79,"column":4},"end":{"line":79,"column":22}},"49":{"start":{"line":80,"column":4},"end":{"line":80,"column":18}},"50":{"start":{"line":81,"column":4},"end":{"line":81,"column":24}},"51":{"start":{"line":82,"column":4},"end":{"line":82,"column":48}},"52":{"start":{"line":85,"column":23},"end":{"line":115,"column":3}},"53":{"start":{"line":86,"column":4},"end":{"line":86,"column":22}},"54":{"start":{"line":86,"column":15},"end":{"line":86,"column":22}},"55":{"start":{"line":88,"column":22},"end":{"line":88,"column":45}},"56":{"start":{"line":89,"column":22},"end":{"line":89,"column":59}},"57":{"start":{"line":90,"column":22},"end":{"line":90,"column":45}},"58":{"start":{"line":91,"column":22},"end":{"line":91,"column":59}},"59":{"start":{"line":93,"column":4},"end":{"line":96,"column":5}},"60":{"start":{"line":94,"column":6},"end":{"line":94,"column":103}},"61":{"start":{"line":95,"column":6},"end":{"line":95,"column":13}},"62":{"start":{"line":98,"column":4},"end":{"line":98,"column":21}},"63":{"start":{"line":99,"column":4},"end":{"line":99,"column":24}},"64":{"start":{"line":101,"column":4},"end":{"line":114,"column":5}},"65":{"start":{"line":102,"column":6},"end":{"line":108,"column":9}},"66":{"start":{"line":109,"column":6},"end":{"line":109,"column":63}},"67":{"start":{"line":111,"column":6},"end":{"line":111,"column":80}},"68":{"start":{"line":113,"column":6},"end":{"line":113,"column":24}},"69":{"start":{"line":117,"column":2},"end":{"line":128,"column":4}}},"fnMap":{"0":{"name":"productToForm","decl":{"start":{"line":15,"column":9},"end":{"line":15,"column":22}},"loc":{"start":{"line":15,"column":52},"end":{"line":24,"column":1}},"line":15},"1":{"name":"useProductEdit","decl":{"start":{"line":26,"column":16},"end":{"line":26,"column":30}},"loc":{"start":{"line":26,"column":43},"end":{"line":129,"column":1}},"line":26},"2":{"name":"(anonymous_2)","decl":{"start":{"line":38,"column":12},"end":{"line":38,"column":13}},"loc":{"start":{"line":38,"column":18},"end":{"line":53,"column":3}},"line":38},"3":{"name":"(anonymous_3)","decl":{"start":{"line":45,"column":12},"end":{"line":45,"column":13}},"loc":{"start":{"line":45,"column":17},"end":{"line":50,"column":7}},"line":45},"4":{"name":"(anonymous_4)","decl":{"start":{"line":51,"column":13},"end":{"line":51,"column":14}},"loc":{"start":{"line":51,"column":19},"end":{"line":51,"column":90}},"line":51},"5":{"name":"(anonymous_5)","decl":{"start":{"line":52,"column":15},"end":{"line":52,"column":16}},"loc":{"start":{"line":52,"column":21},"end":{"line":52,"column":45}},"line":52},"6":{"name":"(anonymous_6)","decl":{"start":{"line":55,"column":12},"end":{"line":55,"column":13}},"loc":{"start":{"line":55,"column":18},"end":{"line":59,"column":3}},"line":55},"7":{"name":"(anonymous_7)","decl":{"start":{"line":57,"column":29},"end":{"line":57,"column":30}},"loc":{"start":{"line":57,"column":35},"end":{"line":57,"column":68}},"line":57},"8":{"name":"(anonymous_8)","decl":{"start":{"line":58,"column":11},"end":{"line":58,"column":12}},"loc":{"start":{"line":58,"column":17},"end":{"line":58,"column":36}},"line":58},"9":{"name":"(anonymous_9)","decl":{"start":{"line":61,"column":23},"end":{"line":61,"column":24}},"loc":{"start":{"line":61,"column":72},"end":{"line":75,"column":3}},"line":61},"10":{"name":"(anonymous_10)","decl":{"start":{"line":64,"column":14},"end":{"line":64,"column":15}},"loc":{"start":{"line":64,"column":23},"end":{"line":64,"column":54}},"line":64},"11":{"name":"(anonymous_11)","decl":{"start":{"line":70,"column":14},"end":{"line":70,"column":15}},"loc":{"start":{"line":70,"column":22},"end":{"line":70,"column":92}},"line":70},"12":{"name":"(anonymous_12)","decl":{"start":{"line":74,"column":12},"end":{"line":74,"column":13}},"loc":{"start":{"line":74,"column":20},"end":{"line":74,"column":61}},"line":74},"13":{"name":"(anonymous_13)","decl":{"start":{"line":77,"column":22},"end":{"line":77,"column":23}},"loc":{"start":{"line":77,"column":28},"end":{"line":83,"column":3}},"line":77},"14":{"name":"(anonymous_14)","decl":{"start":{"line":85,"column":23},"end":{"line":85,"column":24}},"loc":{"start":{"line":85,"column":35},"end":{"line":115,"column":3}},"line":85}},"branchMap":{"0":{"loc":{"start":{"line":19,"column":17},"end":{"line":19,"column":36}},"type":"binary-expr","locations":[{"start":{"line":19,"column":17},"end":{"line":19,"column":30}},{"start":{"line":19,"column":34},"end":{"line":19,"column":36}}],"line":19},"1":{"loc":{"start":{"line":20,"column":10},"end":{"line":20,"column":22}},"type":"binary-expr","locations":[{"start":{"line":20,"column":10},"end":{"line":20,"column":16}},{"start":{"line":20,"column":20},"end":{"line":20,"column":22}}],"line":20},"2":{"loc":{"start":{"line":21,"column":18},"end":{"line":21,"column":38}},"type":"binary-expr","locations":[{"start":{"line":21,"column":18},"end":{"line":21,"column":32}},{"start":{"line":21,"column":36},"end":{"line":21,"column":38}}],"line":21},"3":{"loc":{"start":{"line":22,"column":19},"end":{"line":22,"column":40}},"type":"binary-expr","locations":[{"start":{"line":22,"column":19},"end":{"line":22,"column":34}},{"start":{"line":22,"column":38},"end":{"line":22,"column":40}}],"line":22},"4":{"loc":{"start":{"line":39,"column":4},"end":{"line":43,"column":5}},"type":"if","locations":[{"start":{"line":39,"column":4},"end":{"line":43,"column":5}},{"start":{},"end":{}}],"line":39},"5":{"loc":{"start":{"line":56,"column":4},"end":{"line":56,"column":32}},"type":"if","locations":[{"start":{"line":56,"column":4},"end":{"line":56,"column":32}},{"start":{},"end":{}}],"line":56},"6":{"loc":{"start":{"line":62,"column":4},"end":{"line":62,"column":22}},"type":"if","locations":[{"start":{"line":62,"column":4},"end":{"line":62,"column":22}},{"start":{},"end":{}}],"line":62},"7":{"loc":{"start":{"line":66,"column":4},"end":{"line":72,"column":5}},"type":"if","locations":[{"start":{"line":66,"column":4},"end":{"line":72,"column":5}},{"start":{},"end":{}}],"line":66},"8":{"loc":{"start":{"line":69,"column":21},"end":{"line":69,"column":76}},"type":"cond-expr","locations":[{"start":{"line":69,"column":44},"end":{"line":69,"column":71}},{"start":{"line":69,"column":74},"end":{"line":69,"column":76}}],"line":69},"9":{"loc":{"start":{"line":70,"column":22},"end":{"line":70,"column":92}},"type":"cond-expr","locations":[{"start":{"line":70,"column":29},"end":{"line":70,"column":85}},{"start":{"line":70,"column":88},"end":{"line":70,"column":92}}],"line":70},"10":{"loc":{"start":{"line":74,"column":20},"end":{"line":74,"column":61}},"type":"cond-expr","locations":[{"start":{"line":74,"column":27},"end":{"line":74,"column":54}},{"start":{"line":74,"column":57},"end":{"line":74,"column":61}}],"line":74},"11":{"loc":{"start":{"line":78,"column":4},"end":{"line":78,"column":26}},"type":"if","locations":[{"start":{"line":78,"column":4},"end":{"line":78,"column":26}},{"start":{},"end":{}}],"line":78},"12":{"loc":{"start":{"line":86,"column":4},"end":{"line":86,"column":22}},"type":"if","locations":[{"start":{"line":86,"column":4},"end":{"line":86,"column":22}},{"start":{},"end":{}}],"line":86},"13":{"loc":{"start":{"line":93,"column":4},"end":{"line":96,"column":5}},"type":"if","locations":[{"start":{"line":93,"column":4},"end":{"line":96,"column":5}},{"start":{},"end":{}}],"line":93},"14":{"loc":{"start":{"line":93,"column":8},"end":{"line":93,"column":56}},"type":"binary-expr","locations":[{"start":{"line":93,"column":8},"end":{"line":93,"column":17}},{"start":{"line":93,"column":21},"end":{"line":93,"column":30}},{"start":{"line":93,"column":34},"end":{"line":93,"column":43}},{"start":{"line":93,"column":47},"end":{"line":93,"column":56}}],"line":93}},"s":{"0":10,"1":35,"2":35,"3":35,"4":35,"5":35,"6":35,"7":35,"8":35,"9":35,"10":35,"11":35,"12":12,"13":1,"14":1,"15":1,"16":11,"17":10,"18":10,"19":10,"20":10,"21":1,"22":11,"23":35,"24":35,"25":32,"26":3,"27":0,"28":3,"29":3,"30":35,"31":4,"32":0,"33":4,"34":4,"35":4,"36":4,"37":1,"38":1,"39":1,"40":1,"41":1,"42":1,"43":3,"44":3,"45":35,"46":1,"47":0,"48":1,"49":1,"50":1,"51":1,"52":35,"53":6,"54":0,"55":6,"56":6,"57":6,"58":6,"59":6,"60":2,"61":2,"62":4,"63":4,"64":4,"65":4,"66":3,"67":1,"68":4,"69":35},"f":{"0":10,"1":35,"2":12,"3":10,"4":1,"5":11,"6":35,"7":0,"8":3,"9":4,"10":4,"11":1,"12":3,"13":1,"14":6},"b":{"0":[10,0],"1":[10,0],"2":[10,0],"3":[10,0],"4":[1,11],"5":[32,3],"6":[0,4],"7":[1,3],"8":[1,0],"9":[1,0],"10":[3,0],"11":[0,1],"12":[0,6],"13":[2,4],"14":[6,5,4,4]},"_coverageSchema":"1a1c01bbd47fc00a2c39e90264f33305004495a9","hash":"11d938cc687da8f630b684d6289d3a0a51eb12a9"}
,"/home/agustinmites/sofka/App/banking-products-app/features/productRegistration/productRegistration.types.ts": {"path":"/home/agustinmites/sofka/App/banking-products-app/features/productRegistration/productRegistration.types.ts","statementMap":{"0":{"start":{"line":18,"column":45},"end":{"line":25,"column":1}}},"fnMap":{},"branchMap":{},"s":{"0":1},"f":{},"b":{},"_coverageSchema":"1a1c01bbd47fc00a2c39e90264f33305004495a9","hash":"2ffb98015b8e4779b0549642c058fcab1ab4626f"}
,"/home/agustinmites/sofka/App/banking-products-app/features/productRegistration/useProductRegistration.ts": {"path":"/home/agustinmites/sofka/App/banking-products-app/features/productRegistration/useProductRegistration.ts","statementMap":{"0":{"start":{"line":19,"column":18},"end":{"line":19,"column":87}},"1":{"start":{"line":19,"column":42},"end":{"line":19,"column":86}},"2":{"start":{"line":22,"column":17},"end":{"line":22,"column":28}},"3":{"start":{"line":23,"column":26},"end":{"line":23,"column":62}},"4":{"start":{"line":24,"column":30},"end":{"line":24,"column":61}},"5":{"start":{"line":25,"column":42},"end":{"line":25,"column":54}},"6":{"start":{"line":26,"column":40},"end":{"line":26,"column":70}},"7":{"start":{"line":27,"column":32},"end":{"line":27,"column":47}},"8":{"start":{"line":28,"column":46},"end":{"line":28,"column":58}},"9":{"start":{"line":29,"column":22},"end":{"line":29,"column":72}},"10":{"start":{"line":31,"column":2},"end":{"line":35,"column":31}},"11":{"start":{"line":32,"column":4},"end":{"line":32,"column":32}},"12":{"start":{"line":32,"column":25},"end":{"line":32,"column":32}},"13":{"start":{"line":33,"column":18},"end":{"line":33,"column":69}},"14":{"start":{"line":33,"column":35},"end":{"line":33,"column":62}},"15":{"start":{"line":34,"column":4},"end":{"line":34,"column":37}},"16":{"start":{"line":34,"column":17},"end":{"line":34,"column":36}},"17":{"start":{"line":37,"column":2},"end":{"line":43,"column":9}},"18":{"start":{"line":38,"column":4},"end":{"line":41,"column":23}},"19":{"start":{"line":39,"column":6},"end":{"line":39,"column":32}},"20":{"start":{"line":40,"column":6},"end":{"line":40,"column":79}},"21":{"start":{"line":40,"column":22},"end":{"line":40,"column":79}},"22":{"start":{"line":40,"column":41},"end":{"line":40,"column":76}},"23":{"start":{"line":45,"column":23},"end":{"line":75,"column":3}},"24":{"start":{"line":46,"column":4},"end":{"line":46,"column":24}},"25":{"start":{"line":48,"column":4},"end":{"line":53,"column":5}},"26":{"start":{"line":49,"column":21},"end":{"line":49,"column":74}},"27":{"start":{"line":50,"column":6},"end":{"line":50,"column":81}},"28":{"start":{"line":50,"column":23},"end":{"line":50,"column":78}},"29":{"start":{"line":51,"column":6},"end":{"line":51,"column":64}},"30":{"start":{"line":51,"column":25},"end":{"line":51,"column":61}},"31":{"start":{"line":52,"column":6},"end":{"line":52,"column":13}},"32":{"start":{"line":55,"column":4},"end":{"line":55,"column":51}},"33":{"start":{"line":55,"column":21},"end":{"line":55,"column":48}},"34":{"start":{"line":56,"column":4},"end":{"line":56,"column":57}},"35":{"start":{"line":56,"column":23},"end":{"line":56,"column":54}},"36":{"start":{"line":58,"column":4},"end":{"line":74,"column":5}},"37":{"start":{"line":59,"column":6},"end":{"line":59,"column":27}},"38":{"start":{"line":60,"column":6},"end":{"line":60,"column":65}},"39":{"start":{"line":60,"column":31},"end":{"line":60,"column":65}},"40":{"start":{"line":61,"column":6},"end":{"line":73,"column":7}},"41":{"start":{"line":62,"column":8},"end":{"line":72,"column":16}},"42":{"start":{"line":63,"column":10},"end":{"line":71,"column":11}},"43":{"start":{"line":64,"column":30},"end":{"line":64,"column":58}},"44":{"start":{"line":65,"column":12},"end":{"line":65,"column":38}},"45":{"start":{"line":66,"column":12},"end":{"line":68,"column":13}},"46":{"start":{"line":67,"column":14},"end":{"line":67,"column":71}},"47":{"start":{"line":67,"column":33},"end":{"line":67,"column":68}},"48":{"start":{"line":70,"column":12},"end":{"line":70,"column":86}},"49":{"start":{"line":77,"column":22},"end":{"line":89,"column":3}},"50":{"start":{"line":78,"column":4},"end":{"line":78,"column":63}},"51":{"start":{"line":78,"column":29},"end":{"line":78,"column":63}},"52":{"start":{"line":79,"column":20},"end":{"line":79,"column":31}},"53":{"start":{"line":80,"column":4},"end":{"line":80,"column":21}},"54":{"start":{"line":81,"column":4},"end":{"line":81,"column":18}},"55":{"start":{"line":82,"column":4},"end":{"line":82,"column":24}},"56":{"start":{"line":83,"column":4},"end":{"line":83,"column":26}},"57":{"start":{"line":84,"column":4},"end":{"line":84,"column":25}},"58":{"start":{"line":85,"column":4},"end":{"line":88,"column":23}},"59":{"start":{"line":86,"column":6},"end":{"line":86,"column":32}},"60":{"start":{"line":87,"column":6},"end":{"line":87,"column":79}},"61":{"start":{"line":87,"column":22},"end":{"line":87,"column":79}},"62":{"start":{"line":87,"column":41},"end":{"line":87,"column":76}},"63":{"start":{"line":91,"column":23},"end":{"line":130,"column":3}},"64":{"start":{"line":92,"column":20},"end":{"line":92,"column":39}},"65":{"start":{"line":93,"column":22},"end":{"line":93,"column":45}},"66":{"start":{"line":94,"column":22},"end":{"line":94,"column":59}},"67":{"start":{"line":95,"column":22},"end":{"line":95,"column":45}},"68":{"start":{"line":96,"column":22},"end":{"line":96,"column":59}},"69":{"start":{"line":98,"column":41},"end":{"line":104,"column":5}},"70":{"start":{"line":106,"column":4},"end":{"line":109,"column":5}},"71":{"start":{"line":107,"column":6},"end":{"line":107,"column":27}},"72":{"start":{"line":108,"column":6},"end":{"line":108,"column":13}},"73":{"start":{"line":111,"column":4},"end":{"line":111,"column":21}},"74":{"start":{"line":112,"column":4},"end":{"line":112,"column":24}},"75":{"start":{"line":114,"column":4},"end":{"line":129,"column":5}},"76":{"start":{"line":115,"column":24},"end":{"line":115,"column":54}},"77":{"start":{"line":116,"column":6},"end":{"line":120,"column":7}},"78":{"start":{"line":117,"column":8},"end":{"line":117,"column":65}},"79":{"start":{"line":117,"column":27},"end":{"line":117,"column":62}},"80":{"start":{"line":118,"column":8},"end":{"line":118,"column":26}},"81":{"start":{"line":119,"column":8},"end":{"line":119,"column":15}},"82":{"start":{"line":122,"column":6},"end":{"line":122,"column":32}},"83":{"start":{"line":124,"column":6},"end":{"line":124,"column":62}},"84":{"start":{"line":126,"column":6},"end":{"line":126,"column":80}},"85":{"start":{"line":128,"column":6},"end":{"line":128,"column":24}},"86":{"start":{"line":132,"column":2},"end":{"line":142,"column":4}}},"fnMap":{"0":{"name":"(anonymous_0)","decl":{"start":{"line":19,"column":18},"end":{"line":19,"column":19}},"loc":{"start":{"line":19,"column":42},"end":{"line":19,"column":86}},"line":19},"1":{"name":"useProductRegistration","decl":{"start":{"line":21,"column":16},"end":{"line":21,"column":38}},"loc":{"start":{"line":21,"column":41},"end":{"line":143,"column":1}},"line":21},"2":{"name":"(anonymous_2)","decl":{"start":{"line":31,"column":12},"end":{"line":31,"column":13}},"loc":{"start":{"line":31,"column":18},"end":{"line":35,"column":3}},"line":31},"3":{"name":"(anonymous_3)","decl":{"start":{"line":33,"column":29},"end":{"line":33,"column":30}},"loc":{"start":{"line":33,"column":35},"end":{"line":33,"column":62}},"line":33},"4":{"name":"(anonymous_4)","decl":{"start":{"line":34,"column":11},"end":{"line":34,"column":12}},"loc":{"start":{"line":34,"column":17},"end":{"line":34,"column":36}},"line":34},"5":{"name":"(anonymous_5)","decl":{"start":{"line":37,"column":12},"end":{"line":37,"column":13}},"loc":{"start":{"line":37,"column":18},"end":{"line":43,"column":3}},"line":37},"6":{"name":"(anonymous_6)","decl":{"start":{"line":38,"column":34},"end":{"line":38,"column":35}},"loc":{"start":{"line":38,"column":47},"end":{"line":41,"column":5}},"line":38},"7":{"name":"(anonymous_7)","decl":{"start":{"line":40,"column":32},"end":{"line":40,"column":33}},"loc":{"start":{"line":40,"column":41},"end":{"line":40,"column":76}},"line":40},"8":{"name":"(anonymous_8)","decl":{"start":{"line":41,"column":13},"end":{"line":41,"column":14}},"loc":{"start":{"line":41,"column":19},"end":{"line":41,"column":21}},"line":41},"9":{"name":"(anonymous_9)","decl":{"start":{"line":45,"column":23},"end":{"line":45,"column":24}},"loc":{"start":{"line":45,"column":72},"end":{"line":75,"column":3}},"line":45},"10":{"name":"(anonymous_10)","decl":{"start":{"line":50,"column":14},"end":{"line":50,"column":15}},"loc":{"start":{"line":50,"column":23},"end":{"line":50,"column":78}},"line":50},"11":{"name":"(anonymous_11)","decl":{"start":{"line":51,"column":16},"end":{"line":51,"column":17}},"loc":{"start":{"line":51,"column":25},"end":{"line":51,"column":61}},"line":51},"12":{"name":"(anonymous_12)","decl":{"start":{"line":55,"column":12},"end":{"line":55,"column":13}},"loc":{"start":{"line":55,"column":21},"end":{"line":55,"column":48}},"line":55},"13":{"name":"(anonymous_13)","decl":{"start":{"line":56,"column":14},"end":{"line":56,"column":15}},"loc":{"start":{"line":56,"column":23},"end":{"line":56,"column":54}},"line":56},"14":{"name":"(anonymous_14)","decl":{"start":{"line":62,"column":41},"end":{"line":62,"column":42}},"loc":{"start":{"line":62,"column":53},"end":{"line":72,"column":9}},"line":62},"15":{"name":"(anonymous_15)","decl":{"start":{"line":67,"column":24},"end":{"line":67,"column":25}},"loc":{"start":{"line":67,"column":33},"end":{"line":67,"column":68}},"line":67},"16":{"name":"(anonymous_16)","decl":{"start":{"line":77,"column":22},"end":{"line":77,"column":23}},"loc":{"start":{"line":77,"column":28},"end":{"line":89,"column":3}},"line":77},"17":{"name":"(anonymous_17)","decl":{"start":{"line":85,"column":37},"end":{"line":85,"column":38}},"loc":{"start":{"line":85,"column":50},"end":{"line":88,"column":5}},"line":85},"18":{"name":"(anonymous_18)","decl":{"start":{"line":87,"column":32},"end":{"line":87,"column":33}},"loc":{"start":{"line":87,"column":41},"end":{"line":87,"column":76}},"line":87},"19":{"name":"(anonymous_19)","decl":{"start":{"line":88,"column":13},"end":{"line":88,"column":14}},"loc":{"start":{"line":88,"column":19},"end":{"line":88,"column":21}},"line":88},"20":{"name":"(anonymous_20)","decl":{"start":{"line":91,"column":23},"end":{"line":91,"column":24}},"loc":{"start":{"line":91,"column":35},"end":{"line":130,"column":3}},"line":91},"21":{"name":"(anonymous_21)","decl":{"start":{"line":117,"column":18},"end":{"line":117,"column":19}},"loc":{"start":{"line":117,"column":27},"end":{"line":117,"column":62}},"line":117}},"branchMap":{"0":{"loc":{"start":{"line":32,"column":4},"end":{"line":32,"column":32}},"type":"if","locations":[{"start":{"line":32,"column":4},"end":{"line":32,"column":32}},{"start":{},"end":{}}],"line":32},"1":{"loc":{"start":{"line":40,"column":6},"end":{"line":40,"column":79}},"type":"if","locations":[{"start":{"line":40,"column":6},"end":{"line":40,"column":79}},{"start":{},"end":{}}],"line":40},"2":{"loc":{"start":{"line":48,"column":4},"end":{"line":53,"column":5}},"type":"if","locations":[{"start":{"line":48,"column":4},"end":{"line":53,"column":5}},{"start":{},"end":{}}],"line":48},"3":{"loc":{"start":{"line":49,"column":21},"end":{"line":49,"column":74}},"type":"cond-expr","locations":[{"start":{"line":49,"column":43},"end":{"line":49,"column":69}},{"start":{"line":49,"column":72},"end":{"line":49,"column":74}}],"line":49},"4":{"loc":{"start":{"line":58,"column":4},"end":{"line":74,"column":5}},"type":"if","locations":[{"start":{"line":58,"column":4},"end":{"line":74,"column":5}},{"start":{},"end":{}}],"line":58},"5":{"loc":{"start":{"line":60,"column":6},"end":{"line":60,"column":65}},"type":"if","locations":[{"start":{"line":60,"column":6},"end":{"line":60,"column":65}},{"start":{},"end":{}}],"line":60},"6":{"loc":{"start":{"line":61,"column":6},"end":{"line":73,"column":7}},"type":"if","locations":[{"start":{"line":61,"column":6},"end":{"line":73,"column":7}},{"start":{},"end":{}}],"line":61},"7":{"loc":{"start":{"line":61,"column":10},"end":{"line":61,"column":49}},"type":"binary-expr","locations":[{"start":{"line":61,"column":10},"end":{"line":61,"column":27}},{"start":{"line":61,"column":31},"end":{"line":61,"column":49}}],"line":61},"8":{"loc":{"start":{"line":66,"column":12},"end":{"line":68,"column":13}},"type":"if","locations":[{"start":{"line":66,"column":12},"end":{"line":68,"column":13}},{"start":{},"end":{}}],"line":66},"9":{"loc":{"start":{"line":78,"column":4},"end":{"line":78,"column":63}},"type":"if","locations":[{"start":{"line":78,"column":4},"end":{"line":78,"column":63}},{"start":{},"end":{}}],"line":78},"10":{"loc":{"start":{"line":87,"column":6},"end":{"line":87,"column":79}},"type":"if","locations":[{"start":{"line":87,"column":6},"end":{"line":87,"column":79}},{"start":{},"end":{}}],"line":87},"11":{"loc":{"start":{"line":106,"column":4},"end":{"line":109,"column":5}},"type":"if","locations":[{"start":{"line":106,"column":4},"end":{"line":109,"column":5}},{"start":{},"end":{}}],"line":106},"12":{"loc":{"start":{"line":106,"column":8},"end":{"line":106,"column":67}},"type":"binary-expr","locations":[{"start":{"line":106,"column":8},"end":{"line":106,"column":15}},{"start":{"line":106,"column":19},"end":{"line":106,"column":28}},{"start":{"line":106,"column":32},"end":{"line":106,"column":41}},{"start":{"line":106,"column":45},"end":{"line":106,"column":54}},{"start":{"line":106,"column":58},"end":{"line":106,"column":67}}],"line":106},"13":{"loc":{"start":{"line":116,"column":6},"end":{"line":120,"column":7}},"type":"if","locations":[{"start":{"line":116,"column":6},"end":{"line":120,"column":7}},{"start":{},"end":{}}],"line":116}},"s":{"0":1,"1":13,"2":42,"3":42,"4":42,"5":42,"6":42,"7":42,"8":42,"9":42,"10":42,"11":42,"12":40,"13":2,"14":0,"15":2,"16":2,"17":42,"18":12,"19":12,"20":12,"21":1,"22":1,"23":42,"24":22,"25":22,"26":6,"27":6,"28":6,"29":6,"30":6,"31":6,"32":16,"33":16,"34":16,"35":16,"36":16,"37":2,"38":2,"39":0,"40":2,"41":1,"42":1,"43":1,"44":1,"45":1,"46":0,"47":0,"48":0,"49":42,"50":1,"51":0,"52":1,"53":1,"54":1,"55":1,"56":1,"57":1,"58":1,"59":1,"60":1,"61":0,"62":0,"63":42,"64":5,"65":5,"66":5,"67":5,"68":5,"69":5,"70":5,"71":1,"72":1,"73":4,"74":4,"75":4,"76":4,"77":4,"78":1,"79":1,"80":1,"81":1,"82":3,"83":2,"84":1,"85":4,"86":42},"f":{"0":13,"1":42,"2":42,"3":0,"4":2,"5":12,"6":12,"7":1,"8":0,"9":22,"10":6,"11":6,"12":16,"13":16,"14":1,"15":0,"16":1,"17":1,"18":0,"19":0,"20":5,"21":1},"b":{"0":[40,2],"1":[1,11],"2":[6,16],"3":[5,1],"4":[2,14],"5":[0,2],"6":[1,1],"7":[2,1],"8":[0,1],"9":[0,1],"10":[0,1],"11":[1,4],"12":[5,5,4,4,4],"13":[1,3]},"_coverageSchema":"1a1c01bbd47fc00a2c39e90264f33305004495a9","hash":"724adcaf04c658fc86cb73453eb90581b170afc8"}
,"/home/agustinmites/sofka/App/banking-products-app/features/productSearch/useProductSearch.ts": {"path":"/home/agustinmites/sofka/App/banking-products-app/features/productSearch/useProductSearch.ts","statementMap":{"0":{"start":{"line":6,"column":34},"end":{"line":6,"column":57}},"1":{"start":{"line":7,"column":38},"end":{"line":7,"column":50}},"2":{"start":{"line":8,"column":32},"end":{"line":8,"column":46}},"3":{"start":{"line":9,"column":28},"end":{"line":9,"column":57}},"4":{"start":{"line":11,"column":2},"end":{"line":29,"column":9}},"5":{"start":{"line":12,"column":4},"end":{"line":12,"column":59}},"6":{"start":{"line":13,"column":4},"end":{"line":13,"column":21}},"7":{"start":{"line":14,"column":4},"end":{"line":14,"column":19}},"8":{"start":{"line":16,"column":4},"end":{"line":28,"column":9}},"9":{"start":{"line":18,"column":8},"end":{"line":18,"column":66}},"10":{"start":{"line":19,"column":8},"end":{"line":19,"column":26}},"11":{"start":{"line":22,"column":8},"end":{"line":22,"column":64}},"12":{"start":{"line":23,"column":8},"end":{"line":23,"column":71}},"13":{"start":{"line":26,"column":8},"end":{"line":26,"column":59}},"14":{"start":{"line":27,"column":8},"end":{"line":27,"column":26}},"15":{"start":{"line":31,"column":27},"end":{"line":39,"column":3}},"16":{"start":{"line":33,"column":6},"end":{"line":37,"column":11}},"17":{"start":{"line":36,"column":12},"end":{"line":36,"column":67}},"18":{"start":{"line":41,"column":2},"end":{"line":41,"column":83}}},"fnMap":{"0":{"name":"useProductSearch","decl":{"start":{"line":5,"column":16},"end":{"line":5,"column":32}},"loc":{"start":{"line":5,"column":35},"end":{"line":42,"column":1}},"line":5},"1":{"name":"(anonymous_1)","decl":{"start":{"line":11,"column":12},"end":{"line":11,"column":13}},"loc":{"start":{"line":11,"column":18},"end":{"line":29,"column":3}},"line":11},"2":{"name":"(anonymous_2)","decl":{"start":{"line":17,"column":12},"end":{"line":17,"column":13}},"loc":{"start":{"line":17,"column":22},"end":{"line":20,"column":7}},"line":17},"3":{"name":"(anonymous_3)","decl":{"start":{"line":21,"column":13},"end":{"line":21,"column":14}},"loc":{"start":{"line":21,"column":22},"end":{"line":24,"column":7}},"line":21},"4":{"name":"(anonymous_4)","decl":{"start":{"line":25,"column":15},"end":{"line":25,"column":16}},"loc":{"start":{"line":25,"column":21},"end":{"line":28,"column":7}},"line":25},"5":{"name":"(anonymous_5)","decl":{"start":{"line":32,"column":4},"end":{"line":32,"column":5}},"loc":{"start":{"line":33,"column":6},"end":{"line":37,"column":11}},"line":33},"6":{"name":"(anonymous_6)","decl":{"start":{"line":35,"column":26},"end":{"line":35,"column":27}},"loc":{"start":{"line":36,"column":12},"end":{"line":36,"column":67}},"line":36}},"branchMap":{"0":{"loc":{"start":{"line":33,"column":6},"end":{"line":37,"column":11}},"type":"cond-expr","locations":[{"start":{"line":34,"column":10},"end":{"line":34,"column":18}},{"start":{"line":35,"column":10},"end":{"line":37,"column":11}}],"line":33}},"s":{"0":20,"1":20,"2":20,"3":20,"4":20,"5":8,"6":8,"7":8,"8":8,"9":6,"10":6,"11":1,"12":1,"13":7,"14":7,"15":20,"16":19,"17":12,"18":20},"f":{"0":20,"1":8,"2":6,"3":1,"4":7,"5":19,"6":12},"b":{"0":[15,4]},"_coverageSchema":"1a1c01bbd47fc00a2c39e90264f33305004495a9","hash":"b36704c285f473248d5e2edf6404ea08664cd780"}
,"/home/agustinmites/sofka/App/banking-products-app/shared/lib/productValidations.ts": {"path":"/home/agustinmites/sofka/App/banking-products-app/shared/lib/productValidations.ts","statementMap":{"0":{"start":{"line":2,"column":2},"end":{"line":2,"column":61}},"1":{"start":{"line":6,"column":2},"end":{"line":6,"column":68}},"2":{"start":{"line":6,"column":46},"end":{"line":6,"column":68}},"3":{"start":{"line":10,"column":2},"end":{"line":10,"column":84}},"4":{"start":{"line":10,"column":32},"end":{"line":10,"column":84}},"5":{"start":{"line":11,"column":2},"end":{"line":11,"column":76}},"6":{"start":{"line":11,"column":25},"end":{"line":11,"column":76}},"7":{"start":{"line":15,"column":2},"end":{"line":15,"column":91}},"8":{"start":{"line":15,"column":33},"end":{"line":15,"column":91}},"9":{"start":{"line":16,"column":2},"end":{"line":16,"column":81}},"10":{"start":{"line":16,"column":25},"end":{"line":16,"column":81}},"11":{"start":{"line":20,"column":2},"end":{"line":20,"column":67}},"12":{"start":{"line":20,"column":36},"end":{"line":20,"column":67}},"13":{"start":{"line":24,"column":2},"end":{"line":24,"column":75}},"14":{"start":{"line":24,"column":13},"end":{"line":24,"column":75}},"15":{"start":{"line":25,"column":16},"end":{"line":25,"column":53}},"16":{"start":{"line":26,"column":2},"end":{"line":26,"column":82}},"17":{"start":{"line":26,"column":20},"end":{"line":26,"column":82}},"18":{"start":{"line":30,"column":12},"end":{"line":30,"column":26}},"19":{"start":{"line":31,"column":2},"end":{"line":31,"column":37}},"20":{"start":{"line":32,"column":2},"end":{"line":32,"column":38}},"21":{"start":{"line":36,"column":21},"end":{"line":36,"column":47}},"22":{"start":{"line":37,"column":17},"end":{"line":37,"column":41}},"23":{"start":{"line":38,"column":15},"end":{"line":38,"column":21}},"24":{"start":{"line":39,"column":2},"end":{"line":39,"column":77}},"25":{"start":{"line":39,"column":25},"end":{"line":39,"column":77}},"26":{"start":{"line":40,"column":2},"end":{"line":40,"column":99}},"27":{"start":{"line":40,"column":25},"end":{"line":40,"column":99}},"28":{"start":{"line":41,"column":2},"end":{"line":41,"column":31}},"29":{"start":{"line":42,"column":2},"end":{"line":42,"column":73}},"30":{"start":{"line":42,"column":44},"end":{"line":42,"column":73}},"31":{"start":{"line":43,"column":2},"end":{"line":43,"column":16}}},"fnMap":{"0":{"name":"generateProductId","decl":{"start":{"line":1,"column":16},"end":{"line":1,"column":33}},"loc":{"start":{"line":1,"column":44},"end":{"line":3,"column":1}},"line":1},"1":{"name":"validateId","decl":{"start":{"line":5,"column":16},"end":{"line":5,"column":26}},"loc":{"start":{"line":5,"column":59},"end":{"line":7,"column":1}},"line":5},"2":{"name":"validateName","decl":{"start":{"line":9,"column":16},"end":{"line":9,"column":28}},"loc":{"start":{"line":9,"column":63},"end":{"line":12,"column":1}},"line":9},"3":{"name":"validateDescription","decl":{"start":{"line":14,"column":16},"end":{"line":14,"column":35}},"loc":{"start":{"line":14,"column":70},"end":{"line":17,"column":1}},"line":14},"4":{"name":"validateLogo","decl":{"start":{"line":19,"column":16},"end":{"line":19,"column":28}},"loc":{"start":{"line":19,"column":62},"end":{"line":21,"column":1}},"line":19},"5":{"name":"isValidReleaseDate","decl":{"start":{"line":23,"column":16},"end":{"line":23,"column":34}},"loc":{"start":{"line":23,"column":69},"end":{"line":27,"column":1}},"line":23},"6":{"name":"calculateReviewDate","decl":{"start":{"line":29,"column":16},"end":{"line":29,"column":35}},"loc":{"start":{"line":29,"column":58},"end":{"line":33,"column":1}},"line":29},"7":{"name":"maskDateInput","decl":{"start":{"line":35,"column":16},"end":{"line":35,"column":29}},"loc":{"start":{"line":35,"column":67},"end":{"line":44,"column":1}},"line":35}},"branchMap":{"0":{"loc":{"start":{"line":6,"column":2},"end":{"line":6,"column":68}},"type":"if","locations":[{"start":{"line":6,"column":2},"end":{"line":6,"column":68}},{"start":{},"end":{}}],"line":6},"1":{"loc":{"start":{"line":6,"column":6},"end":{"line":6,"column":44}},"type":"binary-expr","locations":[{"start":{"line":6,"column":6},"end":{"line":6,"column":9}},{"start":{"line":6,"column":13},"end":{"line":6,"column":26}},{"start":{"line":6,"column":30},"end":{"line":6,"column":44}}],"line":6},"2":{"loc":{"start":{"line":10,"column":2},"end":{"line":10,"column":84}},"type":"if","locations":[{"start":{"line":10,"column":2},"end":{"line":10,"column":84}},{"start":{},"end":{}}],"line":10},"3":{"loc":{"start":{"line":10,"column":6},"end":{"line":10,"column":30}},"type":"binary-expr","locations":[{"start":{"line":10,"column":6},"end":{"line":10,"column":11}},{"start":{"line":10,"column":15},"end":{"line":10,"column":30}}],"line":10},"4":{"loc":{"start":{"line":11,"column":2},"end":{"line":11,"column":76}},"type":"if","locations":[{"start":{"line":11,"column":2},"end":{"line":11,"column":76}},{"start":{},"end":{}}],"line":11},"5":{"loc":{"start":{"line":15,"column":2},"end":{"line":15,"column":91}},"type":"if","locations":[{"start":{"line":15,"column":2},"end":{"line":15,"column":91}},{"start":{},"end":{}}],"line":15},"6":{"loc":{"start":{"line":15,"column":6},"end":{"line":15,"column":31}},"type":"binary-expr","locations":[{"start":{"line":15,"column":6},"end":{"line":15,"column":11}},{"start":{"line":15,"column":15},"end":{"line":15,"column":31}}],"line":15},"7":{"loc":{"start":{"line":16,"column":2},"end":{"line":16,"column":81}},"type":"if","locations":[{"start":{"line":16,"column":2},"end":{"line":16,"column":81}},{"start":{},"end":{}}],"line":16},"8":{"loc":{"start":{"line":20,"column":2},"end":{"line":20,"column":67}},"type":"if","locations":[{"start":{"line":20,"column":2},"end":{"line":20,"column":67}},{"start":{},"end":{}}],"line":20},"9":{"loc":{"start":{"line":20,"column":6},"end":{"line":20,"column":34}},"type":"binary-expr","locations":[{"start":{"line":20,"column":6},"end":{"line":20,"column":10}},{"start":{"line":20,"column":14},"end":{"line":20,"column":34}}],"line":20},"10":{"loc":{"start":{"line":24,"column":2},"end":{"line":24,"column":75}},"type":"if","locations":[{"start":{"line":24,"column":2},"end":{"line":24,"column":75}},{"start":{},"end":{}}],"line":24},"11":{"loc":{"start":{"line":26,"column":2},"end":{"line":26,"column":82}},"type":"if","locations":[{"start":{"line":26,"column":2},"end":{"line":26,"column":82}},{"start":{},"end":{}}],"line":26},"12":{"loc":{"start":{"line":39,"column":2},"end":{"line":39,"column":77}},"type":"if","locations":[{"start":{"line":39,"column":2},"end":{"line":39,"column":77}},{"start":{},"end":{}}],"line":39},"13":{"loc":{"start":{"line":40,"column":2},"end":{"line":40,"column":99}},"type":"if","locations":[{"start":{"line":40,"column":2},"end":{"line":40,"column":99}},{"start":{},"end":{}}],"line":40},"14":{"loc":{"start":{"line":42,"column":2},"end":{"line":42,"column":73}},"type":"if","locations":[{"start":{"line":42,"column":2},"end":{"line":42,"column":73}},{"start":{},"end":{}}],"line":42},"15":{"loc":{"start":{"line":42,"column":6},"end":{"line":42,"column":42}},"type":"binary-expr","locations":[{"start":{"line":42,"column":6},"end":{"line":42,"column":16}},{"start":{"line":42,"column":21},"end":{"line":42,"column":41}}],"line":42}},"s":{"0":1,"1":12,"2":4,"3":18,"4":5,"5":13,"6":1,"7":18,"8":5,"9":13,"10":1,"11":16,"12":4,"13":17,"14":2,"15":15,"16":15,"17":2,"18":10,"19":10,"20":10,"21":8,"22":8,"23":8,"24":8,"25":4,"26":8,"27":3,"28":8,"29":8,"30":0,"31":8},"f":{"0":1,"1":12,"2":18,"3":18,"4":16,"5":17,"6":10,"7":8},"b":{"0":[4,8],"1":[12,11,9],"2":[5,13],"3":[18,15],"4":[1,12],"5":[5,13],"6":[18,16],"7":[1,12],"8":[4,12],"9":[16,14],"10":[2,15],"11":[2,13],"12":[4,4],"13":[3,5],"14":[0,8],"15":[8,3]},"_coverageSchema":"1a1c01bbd47fc00a2c39e90264f33305004495a9","hash":"2ca18610c30e750f89940ccb7eaf2f10e05ba3a0"}
,"/home/agustinmites/sofka/App/banking-products-app/shared/ui/FormField/FormField.tsx": {"path":"/home/agustinmites/sofka/App/banking-products-app/shared/ui/FormField/FormField.tsx","statementMap":{"0":{"start":{"line":28,"column":23},"end":{"line":34,"column":3}},"1":{"start":{"line":29,"column":4},"end":{"line":33,"column":5}},"2":{"start":{"line":30,"column":6},"end":{"line":30,"column":47}},"3":{"start":{"line":32,"column":6},"end":{"line":32,"column":25}},"4":{"start":{"line":36,"column":2},"end":{"line":58,"column":4}},"5":{"start":{"line":61,"column":15},"end":{"line":90,"column":2}}},"fnMap":{"0":{"name":"FormField","decl":{"start":{"line":17,"column":16},"end":{"line":17,"column":25}},"loc":{"start":{"line":27,"column":10},"end":{"line":59,"column":1}},"line":27},"1":{"name":"(anonymous_1)","decl":{"start":{"line":28,"column":23},"end":{"line":28,"column":24}},"loc":{"start":{"line":28,"column":41},"end":{"line":34,"column":3}},"line":28}},"branchMap":{"0":{"loc":{"start":{"line":23,"column":2},"end":{"line":23,"column":17}},"type":"default-arg","locations":[{"start":{"line":23,"column":13},"end":{"line":23,"column":17}}],"line":23},"1":{"loc":{"start":{"line":25,"column":2},"end":{"line":25,"column":18}},"type":"default-arg","locations":[{"start":{"line":25,"column":13},"end":{"line":25,"column":18}}],"line":25},"2":{"loc":{"start":{"line":29,"column":4},"end":{"line":33,"column":5}},"type":"if","locations":[{"start":{"line":29,"column":4},"end":{"line":33,"column":5}},{"start":{"line":31,"column":11},"end":{"line":33,"column":5}}],"line":29},"3":{"loc":{"start":{"line":42,"column":10},"end":{"line":42,"column":43}},"type":"binary-expr","locations":[{"start":{"line":42,"column":10},"end":{"line":42,"column":19}},{"start":{"line":42,"column":23},"end":{"line":42,"column":43}}],"line":42},"4":{"loc":{"start":{"line":43,"column":10},"end":{"line":43,"column":38}},"type":"binary-expr","locations":[{"start":{"line":43,"column":10},"end":{"line":43,"column":17}},{"start":{"line":43,"column":21},"end":{"line":43,"column":38}}],"line":43},"5":{"loc":{"start":{"line":44,"column":10},"end":{"line":44,"column":48}},"type":"binary-expr","locations":[{"start":{"line":44,"column":10},"end":{"line":44,"column":16}},{"start":{"line":44,"column":20},"end":{"line":44,"column":48}}],"line":44},"6":{"loc":{"start":{"line":51,"column":22},"end":{"line":51,"column":57}},"type":"cond-expr","locations":[{"start":{"line":51,"column":33},"end":{"line":51,"column":42}},{"start":{"line":51,"column":45},"end":{"line":51,"column":57}}],"line":51},"7":{"loc":{"start":{"line":56,"column":7},"end":{"line":56,"column":63}},"type":"binary-expr","locations":[{"start":{"line":56,"column":7},"end":{"line":56,"column":14}},{"start":{"line":56,"column":18},"end":{"line":56,"column":63}}],"line":56}},"s":{"0":8,"1":1,"2":1,"3":0,"4":8,"5":1},"f":{"0":8,"1":1},"b":{"0":[6],"1":[7],"2":[1,0],"3":[8,2],"4":[8,1],"5":[8,7],"6":[1,7],"7":[8,1]},"_coverageSchema":"1a1c01bbd47fc00a2c39e90264f33305004495a9","hash":"ca526f717de147ede034b19f4162c74f32058592"}
,"/home/agustinmites/sofka/App/banking-products-app/shared/ui/ProductItem/ProductItem.tsx": {"path":"/home/agustinmites/sofka/App/banking-products-app/shared/ui/ProductItem/ProductItem.tsx","statementMap":{"0":{"start":{"line":12,"column":2},"end":{"line":26,"column":4}},"1":{"start":{"line":29,"column":15},"end":{"line":54,"column":2}}},"fnMap":{"0":{"name":"ProductItem","decl":{"start":{"line":11,"column":16},"end":{"line":11,"column":27}},"loc":{"start":{"line":11,"column":57},"end":{"line":27,"column":1}},"line":11}},"branchMap":{},"s":{"0":4,"1":1},"f":{"0":4},"b":{},"_coverageSchema":"1a1c01bbd47fc00a2c39e90264f33305004495a9","hash":"82c847c9c1edb71a86bd1fe257d8c55e41b62d9b"}
}
