TN:
SF:features/productDetail/useProductDetail.ts
FN:6,useProductDetail
FN:13,(anonymous_1)
FN:23,(anonymous_2)
FN:24,(anonymous_3)
FN:27,(anonymous_4)
FNF:5
FNH:5
FNDA:17,useProductDetail
FNDA:7,(anonymous_1)
FNDA:1,(anonymous_2)
FNDA:6,(anonymous_3)
FNDA:3,(anonymous_4)
DA:7,17
DA:8,17
DA:9,17
DA:10,17
DA:11,17
DA:13,17
DA:14,7
DA:15,1
DA:16,1
DA:17,1
DA:19,6
DA:20,6
DA:21,6
DA:23,1
DA:24,6
DA:27,17
DA:28,3
DA:29,3
DA:30,3
DA:31,2
DA:33,1
DA:34,1
DA:38,17
LF:23
LH:23
BRDA:14,0,0,1
BRDA:14,0,1,6
BRF:2
BRH:2
end_of_record
TN:
SF:features/productEdit/useProductEdit.ts
FN:15,productToForm
FN:26,useProductEdit
FN:38,(anonymous_2)
FN:45,(anonymous_3)
FN:51,(anonymous_4)
FN:52,(anonymous_5)
FN:55,(anonymous_6)
FN:57,(anonymous_7)
FN:58,(anonymous_8)
FN:61,(anonymous_9)
FN:64,(anonymous_10)
FN:70,(anonymous_11)
FN:74,(anonymous_12)
FN:77,(anonymous_13)
FN:85,(anonymous_14)
FNF:15
FNH:14
FNDA:10,productToForm
FNDA:35,useProductEdit
FNDA:12,(anonymous_2)
FNDA:10,(anonymous_3)
FNDA:1,(anonymous_4)
FNDA:11,(anonymous_5)
FNDA:35,(anonymous_6)
FNDA:0,(anonymous_7)
FNDA:3,(anonymous_8)
FNDA:4,(anonymous_9)
FNDA:4,(anonymous_10)
FNDA:1,(anonymous_11)
FNDA:3,(anonymous_12)
FNDA:1,(anonymous_13)
FNDA:6,(anonymous_14)
DA:16,10
DA:27,35
DA:28,35
DA:29,35
DA:30,35
DA:31,35
DA:32,35
DA:33,35
DA:34,35
DA:35,35
DA:36,35
DA:38,35
DA:39,12
DA:40,1
DA:41,1
DA:42,1
DA:44,11
DA:46,10
DA:47,10
DA:48,10
DA:49,10
DA:51,1
DA:52,11
DA:55,35
DA:56,35
DA:57,3
DA:58,3
DA:61,35
DA:62,4
DA:63,4
DA:64,4
DA:66,4
DA:67,1
DA:68,1
DA:69,1
DA:70,1
DA:71,1
DA:74,3
DA:77,35
DA:78,1
DA:79,1
DA:80,1
DA:81,1
DA:82,1
DA:85,35
DA:86,6
DA:88,6
DA:89,6
DA:90,6
DA:91,6
DA:93,6
DA:94,2
DA:95,2
DA:98,4
DA:99,4
DA:101,4
DA:102,4
DA:109,3
DA:111,1
DA:113,4
DA:117,35
LF:61
LH:61
BRDA:19,0,0,10
BRDA:19,0,1,0
BRDA:20,1,0,10
BRDA:20,1,1,0
BRDA:21,2,0,10
BRDA:21,2,1,0
BRDA:22,3,0,10
BRDA:22,3,1,0
BRDA:39,4,0,1
BRDA:39,4,1,11
BRDA:56,5,0,32
BRDA:56,5,1,3
BRDA:62,6,0,0
BRDA:62,6,1,4
BRDA:66,7,0,1
BRDA:66,7,1,3
BRDA:69,8,0,1
BRDA:69,8,1,0
BRDA:70,9,0,1
BRDA:70,9,1,0
BRDA:74,10,0,3
BRDA:74,10,1,0
BRDA:78,11,0,0
BRDA:78,11,1,1
BRDA:86,12,0,0
BRDA:86,12,1,6
BRDA:93,13,0,2
BRDA:93,13,1,4
BRDA:93,14,0,6
BRDA:93,14,1,5
BRDA:93,14,2,4
BRDA:93,14,3,4
BRF:32
BRH:22
end_of_record
TN:
SF:features/productRegistration/productRegistration.types.ts
FNF:0
FNH:0
DA:18,1
LF:1
LH:1
BRF:0
BRH:0
end_of_record
TN:
SF:features/productRegistration/useProductRegistration.ts
FN:19,(anonymous_0)
FN:21,useProductRegistration
FN:31,(anonymous_2)
FN:33,(anonymous_3)
FN:34,(anonymous_4)
FN:37,(anonymous_5)
FN:38,(anonymous_6)
FN:40,(anonymous_7)
FN:41,(anonymous_8)
FN:45,(anonymous_9)
FN:50,(anonymous_10)
FN:51,(anonymous_11)
FN:55,(anonymous_12)
FN:56,(anonymous_13)
FN:62,(anonymous_14)
FN:67,(anonymous_15)
FN:77,(anonymous_16)
FN:85,(anonymous_17)
FN:87,(anonymous_18)
FN:88,(anonymous_19)
FN:91,(anonymous_20)
FN:117,(anonymous_21)
FNF:22
FNH:17
FNDA:13,(anonymous_0)
FNDA:42,useProductRegistration
FNDA:42,(anonymous_2)
FNDA:0,(anonymous_3)
FNDA:2,(anonymous_4)
FNDA:12,(anonymous_5)
FNDA:12,(anonymous_6)
FNDA:1,(anonymous_7)
FNDA:0,(anonymous_8)
FNDA:22,(anonymous_9)
FNDA:6,(anonymous_10)
FNDA:6,(anonymous_11)
FNDA:16,(anonymous_12)
FNDA:16,(anonymous_13)
FNDA:1,(anonymous_14)
FNDA:0,(anonymous_15)
FNDA:1,(anonymous_16)
FNDA:1,(anonymous_17)
FNDA:0,(anonymous_18)
FNDA:0,(anonymous_19)
FNDA:5,(anonymous_20)
FNDA:1,(anonymous_21)
DA:19,13
DA:22,42
DA:23,42
DA:24,42
DA:25,42
DA:26,42
DA:27,42
DA:28,42
DA:29,42
DA:31,42
DA:32,42
DA:33,2
DA:34,2
DA:37,42
DA:38,12
DA:39,12
DA:40,12
DA:45,42
DA:46,22
DA:48,22
DA:49,6
DA:50,6
DA:51,6
DA:52,6
DA:55,16
DA:56,16
DA:58,16
DA:59,2
DA:60,2
DA:61,2
DA:62,1
DA:63,1
DA:64,1
DA:65,1
DA:66,1
DA:67,0
DA:70,0
DA:77,42
DA:78,1
DA:79,1
DA:80,1
DA:81,1
DA:82,1
DA:83,1
DA:84,1
DA:85,1
DA:86,1
DA:87,1
DA:91,42
DA:92,5
DA:93,5
DA:94,5
DA:95,5
DA:96,5
DA:98,5
DA:106,5
DA:107,1
DA:108,1
DA:111,4
DA:112,4
DA:114,4
DA:115,4
DA:116,4
DA:117,1
DA:118,1
DA:119,1
DA:122,3
DA:124,2
DA:126,1
DA:128,4
DA:132,42
LF:71
LH:69
BRDA:32,0,0,40
BRDA:32,0,1,2
BRDA:40,1,0,1
BRDA:40,1,1,11
BRDA:48,2,0,6
BRDA:48,2,1,16
BRDA:49,3,0,5
BRDA:49,3,1,1
BRDA:58,4,0,2
BRDA:58,4,1,14
BRDA:60,5,0,0
BRDA:60,5,1,2
BRDA:61,6,0,1
BRDA:61,6,1,1
BRDA:61,7,0,2
BRDA:61,7,1,1
BRDA:66,8,0,0
BRDA:66,8,1,1
BRDA:78,9,0,0
BRDA:78,9,1,1
BRDA:87,10,0,0
BRDA:87,10,1,1
BRDA:106,11,0,1
BRDA:106,11,1,4
BRDA:106,12,0,5
BRDA:106,12,1,5
BRDA:106,12,2,4
BRDA:106,12,3,4
BRDA:106,12,4,4
BRDA:116,13,0,1
BRDA:116,13,1,3
BRF:31
BRH:27
end_of_record
TN:
SF:features/productSearch/useProductSearch.ts
FN:5,useProductSearch
FN:11,(anonymous_1)
FN:17,(anonymous_2)
FN:21,(anonymous_3)
FN:25,(anonymous_4)
FN:32,(anonymous_5)
FN:35,(anonymous_6)
FNF:7
FNH:7
FNDA:20,useProductSearch
FNDA:8,(anonymous_1)
FNDA:6,(anonymous_2)
FNDA:1,(anonymous_3)
FNDA:7,(anonymous_4)
FNDA:19,(anonymous_5)
FNDA:12,(anonymous_6)
DA:6,20
DA:7,20
DA:8,20
DA:9,20
DA:11,20
DA:12,8
DA:13,8
DA:14,8
DA:16,8
DA:18,6
DA:19,6
DA:22,1
DA:23,1
DA:26,7
DA:27,7
DA:31,20
DA:33,19
DA:36,12
DA:41,20
LF:19
LH:19
BRDA:33,0,0,15
BRDA:33,0,1,4
BRF:2
BRH:2
end_of_record
TN:
SF:shared/lib/productValidations.ts
FN:1,generateProductId
FN:5,validateId
FN:9,validateName
FN:14,validateDescription
FN:19,validateLogo
FN:23,isValidReleaseDate
FN:29,calculateReviewDate
FN:35,maskDateInput
FNF:8
FNH:8
FNDA:1,generateProductId
FNDA:12,validateId
FNDA:18,validateName
FNDA:18,validateDescription
FNDA:16,validateLogo
FNDA:17,isValidReleaseDate
FNDA:10,calculateReviewDate
FNDA:8,maskDateInput
DA:2,1
DA:6,12
DA:10,18
DA:11,13
DA:15,18
DA:16,13
DA:20,16
DA:24,17
DA:25,15
DA:26,15
DA:30,10
DA:31,10
DA:32,10
DA:36,8
DA:37,8
DA:38,8
DA:39,8
DA:40,8
DA:41,8
DA:42,8
DA:43,8
LF:21
LH:21
BRDA:6,0,0,4
BRDA:6,0,1,8
BRDA:6,1,0,12
BRDA:6,1,1,11
BRDA:6,1,2,9
BRDA:10,2,0,5
BRDA:10,2,1,13
BRDA:10,3,0,18
BRDA:10,3,1,15
BRDA:11,4,0,1
BRDA:11,4,1,12
BRDA:15,5,0,5
BRDA:15,5,1,13
BRDA:15,6,0,18
BRDA:15,6,1,16
BRDA:16,7,0,1
BRDA:16,7,1,12
BRDA:20,8,0,4
BRDA:20,8,1,12
BRDA:20,9,0,16
BRDA:20,9,1,14
BRDA:24,10,0,2
BRDA:24,10,1,15
BRDA:26,11,0,2
BRDA:26,11,1,13
BRDA:39,12,0,4
BRDA:39,12,1,4
BRDA:40,13,0,3
BRDA:40,13,1,5
BRDA:42,14,0,0
BRDA:42,14,1,8
BRDA:42,15,0,8
BRDA:42,15,1,3
BRF:33
BRH:32
end_of_record
TN:
SF:shared/ui/FormField/FormField.tsx
FN:17,FormField
FN:28,(anonymous_1)
FNF:2
FNH:2
FNDA:8,FormField
FNDA:1,(anonymous_1)
DA:28,8
DA:29,1
DA:30,1
DA:32,0
DA:36,8
DA:61,1
LF:6
LH:5
BRDA:23,0,0,6
BRDA:25,1,0,7
BRDA:29,2,0,1
BRDA:29,2,1,0
BRDA:42,3,0,8
BRDA:42,3,1,2
BRDA:43,4,0,8
BRDA:43,4,1,1
BRDA:44,5,0,8
BRDA:44,5,1,7
BRDA:51,6,0,1
BRDA:51,6,1,7
BRDA:56,7,0,8
BRDA:56,7,1,1
BRF:14
BRH:13
end_of_record
TN:
SF:shared/ui/ProductItem/ProductItem.tsx
FN:11,ProductItem
FNF:1
FNH:1
FNDA:4,ProductItem
DA:12,4
DA:29,1
LF:2
LH:2
BRF:0
BRH:0
end_of_record
